<?xml version="1.0" encoding="UTF-8"?>
<!-- Generated by org.testng.reporters.JUnitReportReporter -->
<testsuite hostname="MacBook-Pro-de-Veronica.local" failures="0" tests="1" name="stepDefinitions.Steps" time="12.726" errors="0" timestamp="2022-03-20T00:40:18 CST" skipped="0">
  <testcase classname="stepDefinitions.Steps" name="testTravells" time="12.726"/>
  <system-out/>
</testsuite> <!-- stepDefinitions.Steps -->
